RISULTATI STAGIONE
Campionato    vinto da: JAP 
Coppa di lega vinta da: GPM 
Coppa Europa vinta  da: GPM 
Squadre retrocesse   : POE POO DIL BEA 
Capocannoniere stagione :             Lucifero (DEM)
RISULTATI STAGIONE
Campionato    vinto da: RSC 
Coppa di lega vinta da: DUN 
Coppa Europa vinta  da: GPM 
Capocannoniere stagione :                Felix (GPM)
RISULTATI STAGIONE
Campionato    vinto da: RSC 
Coppa di lega vinta da: DIL 
Coppa Europa vinta  da: GPM 
Capocannoniere stagione :          Wierzbowski (RSC)
RISULTATI STAGIONE
Campionato    vinto da: RSC 
Coppa di lega vinta da: RSC 
Coppa Europa vinta  da: GPM 
Capocannoniere stagione :        Bilbo Baggins (GPM)
RISULTATI STAGIONE
Campionato    vinto da: RSC 
Coppa di lega vinta da: RSC 
Coppa Europa vinta  da: GPM 
Capocannoniere stagione :               Sulaco (RSC)
RISULTATI STAGIONE
Campionato    vinto da: GPM 
Coppa di lega vinta da: RSC 
Coppa Europa vinta  da: GPM 
Capocannoniere stagione :               Sulaco (RSC)
RISULTATI STAGIONE
Campionato    vinto da: RSC 
Coppa di lega vinta da: RSC 
Coppa Europa vinta  da: GPM 
Capocannoniere stagione :          Wierzbowski (RSC)
RISULTATI STAGIONE
Campionato    vinto da: JAP 
Coppa di lega vinta da: JAP 
Coppa Europa vinta  da: GPM 
Capocannoniere stagione :             Lucifero (DEM)
RISULTATI STAGIONE
Campionato    vinto da: VER 
Coppa di lega vinta da: MOT 
Coppa Europa vinta  da: GPM 
Capocannoniere stagione :                 Nedo (VER)
RISULTATI STAGIONE
Campionato    vinto da: JAP 
Coppa di lega vinta da: GPM 
Coppa Europa vinta  da: GPM 
Capocannoniere stagione :             Lucifero (DEM)
